<?xml version="1.0" encoding="UTF-8"?>
<testng-results ignored="0" total="1" passed="1" failed="0" skipped="0">
  <reporter-output>
  </reporter-output>
  <suite started-at="2022-04-15T09:53:07Z" name="Default suite" finished-at="2022-04-15T09:53:16Z" duration-ms="8901">
    <groups>
    </groups>
    <test started-at="2022-04-15T09:53:07Z" name="Default test" finished-at="2022-04-15T09:53:16Z" duration-ms="8901">
      <class name="testScripts.SampleTest">
        <test-method signature="ts_01()[pri:0, instance:testScripts.SampleTest@4e31276e]" started-at="2022-04-15T15:23:07Z" name="ts_01" finished-at="2022-04-15T15:23:16Z" duration-ms="8886" status="PASS">
          <reporter-output>
          </reporter-output>
        </test-method> <!-- ts_01 -->
      </class> <!-- testScripts.SampleTest -->
    </test> <!-- Default test -->
  </suite> <!-- Default suite -->
</testng-results>
